INFO 2025-11-20 09:51:00,288 models YTD-Reset für Test Employee im Monat 1/2025
INFO 2025-11-20 09:51:00,324 models YTD-Update für Test Employee - PayrollRecord 1 (1/2025)
INFO 2025-11-20 10:19:29,005 views Mandant gewechselt zu: Client A (ID: 1)
INFO 2025-11-20 10:19:43,007 views Mandant gewechselt zu: Client A (ID: 1)
INFO 2025-11-20 10:20:15,272 views Mandant gewechselt zu: Client A (ID: 1)
INFO 2025-11-20 11:40:08,418 views Mandant gewechselt zu: Client A (ID: 1)
INFO 2025-11-20 11:41:06,871 views Mandant gewechselt zu: Client A (ID: 1)
INFO 2025-11-20 11:43:48,231 models YTD-Reset für Test Employee im Monat 1/2025
INFO 2025-11-20 11:43:48,253 models YTD-Update für Test Employee - PayrollRecord 1 (1/2025)
INFO 2025-11-20 11:43:49,867 views Mandant gewechselt zu: Client A (ID: 1)
INFO 2025-11-20 11:45:04,574 models YTD-Reset für Test Employee im Monat 1/2025
INFO 2025-11-20 11:45:04,602 models YTD-Update für Test Employee - PayrollRecord 1 (1/2025)
INFO 2025-11-20 11:45:06,481 views Mandant gewechselt zu: Client A (ID: 1)
INFO 2025-11-20 11:45:40,641 models YTD-Reset für Test Employee im Monat 1/2025
INFO 2025-11-20 11:45:40,662 models YTD-Update für Test Employee - PayrollRecord 1 (1/2025)
INFO 2025-11-20 11:45:42,376 views Mandant gewechselt zu: Client A (ID: 1)
INFO 2025-11-20 11:47:26,450 models YTD-Reset für Test Employee im Monat 1/2025
INFO 2025-11-20 11:47:26,503 models YTD-Update für Test Employee - PayrollRecord 1 (1/2025)
INFO 2025-11-20 11:47:28,144 views Mandant gewechselt zu: Client A (ID: 1)
INFO 2025-11-20 11:47:59,257 models YTD-Reset für Test Employee im Monat 1/2025
INFO 2025-11-20 11:47:59,337 models YTD-Update für Test Employee - PayrollRecord 1 (1/2025)
INFO 2025-11-20 11:48:00,991 views Mandant gewechselt zu: Client A (ID: 1)
INFO 2025-11-20 11:50:25,580 models YTD-Reset für Test Employee im Monat 1/2025
INFO 2025-11-20 11:50:25,608 models YTD-Update für Test Employee - PayrollRecord 1 (1/2025)
INFO 2025-11-20 11:50:27,096 views Mandant gewechselt zu: Client A (ID: 1)
INFO 2025-11-20 11:50:53,610 models YTD-Reset für Test Employee im Monat 1/2025
INFO 2025-11-20 11:50:53,639 models YTD-Update für Test Employee - PayrollRecord 1 (1/2025)
INFO 2025-11-20 11:50:55,124 views Mandant gewechselt zu: Client A (ID: 1)
INFO 2025-11-20 12:02:06,035 models YTD-Reset für Test Employee im Monat 1/2025
INFO 2025-11-20 12:02:06,056 models YTD-Update für Test Employee - PayrollRecord 1 (1/2025)
INFO 2025-11-20 12:02:07,638 views Mandant gewechselt zu: Client A (ID: 1)
INFO 2025-11-20 13:30:54,706 models YTD-Reset für Test Employee im Monat 1/2025
INFO 2025-11-20 13:30:54,759 models YTD-Update für Test Employee - PayrollRecord 1 (1/2025)
INFO 2025-11-20 13:30:56,298 views Mandant gewechselt zu: Client A (ID: 1)
INFO 2025-11-20 13:33:31,559 models YTD-Reset für Test Employee im Monat 1/2025
INFO 2025-11-20 13:33:31,581 models YTD-Update für Test Employee - PayrollRecord 1 (1/2025)
INFO 2025-11-20 13:33:33,074 views Mandant gewechselt zu: Client A (ID: 1)
INFO 2025-11-20 13:34:52,682 models YTD-Reset für Test Employee im Monat 1/2025
INFO 2025-11-20 13:34:52,707 models YTD-Update für Test Employee - PayrollRecord 1 (1/2025)
INFO 2025-11-20 13:34:54,174 views Mandant gewechselt zu: Client A (ID: 1)
INFO 2025-11-20 13:35:36,643 models YTD-Reset für Test Employee im Monat 1/2025
INFO 2025-11-20 13:35:36,683 models YTD-Update für Test Employee - PayrollRecord 1 (1/2025)
INFO 2025-11-20 13:35:38,144 views Mandant gewechselt zu: Client A (ID: 1)
INFO 2025-11-20 13:36:44,077 models YTD-Reset für Test Employee im Monat 1/2025
INFO 2025-11-20 13:36:44,116 models YTD-Update für Test Employee - PayrollRecord 1 (1/2025)
INFO 2025-11-20 13:36:45,628 views Mandant gewechselt zu: Client A (ID: 1)
INFO 2025-11-21 09:02:28,264 views Mandant gewechselt zu: QMCert GmbH (ID: 6)
INFO 2025-11-25 08:42:47,356 views Mandant gewechselt zu: Test (ID: 1)
WARNING 2025-11-26 14:41:28,083 encryption Entschlüsselung fehlgeschlagen, verwende Klartext: 
WARNING 2025-11-26 14:41:28,084 encryption Entschlüsselung fehlgeschlagen, verwende Klartext: Invalid base64-encoded string: number of data characters (1) cannot be 1 more than a multiple of 4
WARNING 2025-11-26 14:41:28,084 encryption Entschlüsselung fehlgeschlagen, verwende Klartext: 
WARNING 2025-11-26 14:41:28,084 encryption Entschlüsselung fehlgeschlagen, verwende Klartext: 
WARNING 2025-11-26 14:41:28,084 encryption Entschlüsselung fehlgeschlagen, verwende Klartext: 
WARNING 2025-11-26 14:41:28,084 encryption Entschlüsselung fehlgeschlagen, verwende Klartext: 
WARNING 2025-11-26 14:41:28,084 encryption Entschlüsselung fehlgeschlagen, verwende Klartext: 
WARNING 2025-11-26 14:41:28,085 encryption Entschlüsselung fehlgeschlagen, verwende Klartext: Invalid base64-encoded string: number of data characters (13) cannot be 1 more than a multiple of 4
WARNING 2025-11-26 14:41:28,085 encryption Entschlüsselung fehlgeschlagen, verwende Klartext: Incorrect padding
WARNING 2025-11-26 14:41:28,085 encryption Entschlüsselung fehlgeschlagen, verwende Klartext: 
WARNING 2025-11-26 14:41:28,085 encryption Entschlüsselung fehlgeschlagen, verwende Klartext: Incorrect padding
WARNING 2025-11-26 14:41:28,085 encryption Entschlüsselung fehlgeschlagen, verwende Klartext: Invalid base64-encoded string: number of data characters (13) cannot be 1 more than a multiple of 4
WARNING 2025-11-26 14:41:28,085 encryption Entschlüsselung fehlgeschlagen, verwende Klartext: 
WARNING 2025-11-26 14:41:28,086 encryption Entschlüsselung fehlgeschlagen, verwende Klartext: 
WARNING 2025-11-26 14:41:28,086 encryption Entschlüsselung fehlgeschlagen, verwende Klartext: Invalid base64-encoded string: number of data characters (13) cannot be 1 more than a multiple of 4
WARNING 2025-11-26 14:41:28,086 encryption Entschlüsselung fehlgeschlagen, verwende Klartext: Invalid base64-encoded string: number of data characters (9) cannot be 1 more than a multiple of 4
WARNING 2025-11-26 14:41:28,086 encryption Entschlüsselung fehlgeschlagen, verwende Klartext: Incorrect padding
WARNING 2025-11-26 14:41:28,086 encryption Entschlüsselung fehlgeschlagen, verwende Klartext: 
WARNING 2025-11-26 14:41:28,086 encryption Entschlüsselung fehlgeschlagen, verwende Klartext: Incorrect padding
WARNING 2025-11-26 14:41:28,087 encryption Entschlüsselung fehlgeschlagen, verwende Klartext: Incorrect padding
WARNING 2025-11-26 14:41:28,087 encryption Entschlüsselung fehlgeschlagen, verwende Klartext: 
WARNING 2025-11-26 14:41:28,087 encryption Entschlüsselung fehlgeschlagen, verwende Klartext: Incorrect padding
WARNING 2025-11-26 14:41:28,087 encryption Entschlüsselung fehlgeschlagen, verwende Klartext: Incorrect padding
WARNING 2025-11-26 14:41:28,087 encryption Entschlüsselung fehlgeschlagen, verwende Klartext: Incorrect padding
WARNING 2025-11-26 14:41:28,087 encryption Entschlüsselung fehlgeschlagen, verwende Klartext: 
WARNING 2025-11-26 14:41:28,087 encryption Entschlüsselung fehlgeschlagen, verwende Klartext: 
WARNING 2025-11-26 14:41:28,087 encryption Entschlüsselung fehlgeschlagen, verwende Klartext: 
WARNING 2025-11-26 14:41:28,088 encryption Entschlüsselung fehlgeschlagen, verwende Klartext: 
WARNING 2025-11-26 14:41:28,088 encryption Entschlüsselung fehlgeschlagen, verwende Klartext: 
WARNING 2025-11-26 14:41:28,088 encryption Entschlüsselung fehlgeschlagen, verwende Klartext: 
WARNING 2025-11-26 14:41:28,088 encryption Entschlüsselung fehlgeschlagen, verwende Klartext: Incorrect padding
WARNING 2025-11-26 14:41:28,088 encryption Entschlüsselung fehlgeschlagen, verwende Klartext: Invalid base64-encoded string: number of data characters (1) cannot be 1 more than a multiple of 4
WARNING 2025-11-26 14:41:28,088 encryption Entschlüsselung fehlgeschlagen, verwende Klartext: 
WARNING 2025-11-26 14:41:28,088 encryption Entschlüsselung fehlgeschlagen, verwende Klartext: 
WARNING 2025-11-26 14:41:28,089 encryption Entschlüsselung fehlgeschlagen, verwende Klartext: Invalid base64-encoded string: number of data characters (17) cannot be 1 more than a multiple of 4
WARNING 2025-11-26 14:41:28,089 encryption Entschlüsselung fehlgeschlagen, verwende Klartext: 
WARNING 2025-11-26 14:41:28,089 encryption Entschlüsselung fehlgeschlagen, verwende Klartext: 
WARNING 2025-11-26 14:41:28,089 encryption Entschlüsselung fehlgeschlagen, verwende Klartext: Invalid base64-encoded string: number of data characters (17) cannot be 1 more than a multiple of 4
WARNING 2025-11-26 14:41:28,089 encryption Entschlüsselung fehlgeschlagen, verwende Klartext: Incorrect padding
WARNING 2025-11-26 14:41:28,089 encryption Entschlüsselung fehlgeschlagen, verwende Klartext: Incorrect padding
WARNING 2025-11-26 14:41:28,089 encryption Entschlüsselung fehlgeschlagen, verwende Klartext: 
WARNING 2025-11-26 14:41:28,089 encryption Entschlüsselung fehlgeschlagen, verwende Klartext: Invalid base64-encoded string: number of data characters (9) cannot be 1 more than a multiple of 4
WARNING 2025-11-26 14:41:28,090 encryption Entschlüsselung fehlgeschlagen, verwende Klartext: Incorrect padding
WARNING 2025-11-26 14:41:28,090 encryption Entschlüsselung fehlgeschlagen, verwende Klartext: 
WARNING 2025-11-26 14:41:28,090 encryption Entschlüsselung fehlgeschlagen, verwende Klartext: 
WARNING 2025-11-26 14:41:28,090 encryption Entschlüsselung fehlgeschlagen, verwende Klartext: Incorrect padding
WARNING 2025-11-26 14:41:28,090 encryption Entschlüsselung fehlgeschlagen, verwende Klartext: Invalid base64-encoded string: number of data characters (1) cannot be 1 more than a multiple of 4
WARNING 2025-11-26 14:41:28,090 encryption Entschlüsselung fehlgeschlagen, verwende Klartext: 
WARNING 2025-11-26 14:41:28,090 encryption Entschlüsselung fehlgeschlagen, verwende Klartext: Invalid base64-encoded string: number of data characters (5) cannot be 1 more than a multiple of 4
WARNING 2025-11-26 14:41:28,090 encryption Entschlüsselung fehlgeschlagen, verwende Klartext: Incorrect padding
WARNING 2025-11-26 14:41:28,090 encryption Entschlüsselung fehlgeschlagen, verwende Klartext: 
WARNING 2025-11-26 14:41:28,091 encryption Entschlüsselung fehlgeschlagen, verwende Klartext: Incorrect padding
WARNING 2025-11-26 14:41:28,091 encryption Entschlüsselung fehlgeschlagen, verwende Klartext: Incorrect padding
WARNING 2025-11-26 14:41:28,091 encryption Entschlüsselung fehlgeschlagen, verwende Klartext: Incorrect padding
WARNING 2025-11-26 14:41:28,091 encryption Entschlüsselung fehlgeschlagen, verwende Klartext: 
WARNING 2025-11-26 14:41:28,091 encryption Entschlüsselung fehlgeschlagen, verwende Klartext: Incorrect padding
WARNING 2025-11-26 14:41:28,091 encryption Entschlüsselung fehlgeschlagen, verwende Klartext: 
WARNING 2025-11-26 14:41:28,091 encryption Entschlüsselung fehlgeschlagen, verwende Klartext: Incorrect padding
WARNING 2025-11-26 14:41:28,091 encryption Entschlüsselung fehlgeschlagen, verwende Klartext: Invalid base64-encoded string: number of data characters (1) cannot be 1 more than a multiple of 4
WARNING 2025-11-26 14:41:28,091 encryption Entschlüsselung fehlgeschlagen, verwende Klartext: 
WARNING 2025-11-26 14:41:28,092 encryption Entschlüsselung fehlgeschlagen, verwende Klartext: Incorrect padding
WARNING 2025-11-26 14:41:28,092 encryption Entschlüsselung fehlgeschlagen, verwende Klartext: 
INFO 2025-11-26 14:41:28,125 0018_encrypt_client_fields Verschlüsselt 9 Client-Objekte
WARNING 2025-11-26 14:41:39,269 encryption Entschlüsselung fehlgeschlagen, verwende Klartext: 
WARNING 2025-11-26 14:41:39,270 encryption Entschlüsselung fehlgeschlagen, verwende Klartext: 
WARNING 2025-11-26 14:41:39,270 encryption Entschlüsselung fehlgeschlagen, verwende Klartext: 
WARNING 2025-11-26 14:41:39,270 encryption Entschlüsselung fehlgeschlagen, verwende Klartext: 
WARNING 2025-11-26 14:41:39,270 encryption Entschlüsselung fehlgeschlagen, verwende Klartext: 
WARNING 2025-11-26 14:41:39,271 encryption Entschlüsselung fehlgeschlagen, verwende Klartext: 
WARNING 2025-11-26 14:41:39,271 encryption Entschlüsselung fehlgeschlagen, verwende Klartext: 
WARNING 2025-11-26 14:45:50,055 encryption Entschlüsselung fehlgeschlagen, verwende Klartext: 
WARNING 2025-11-26 14:45:50,056 encryption Entschlüsselung fehlgeschlagen, verwende Klartext: 
WARNING 2025-11-26 14:45:50,056 encryption Entschlüsselung fehlgeschlagen, verwende Klartext: 
WARNING 2025-11-26 14:45:50,056 encryption Entschlüsselung fehlgeschlagen, verwende Klartext: 
WARNING 2025-11-26 14:45:50,056 encryption Entschlüsselung fehlgeschlagen, verwende Klartext: 
WARNING 2025-11-26 14:45:50,057 encryption Entschlüsselung fehlgeschlagen, verwende Klartext: 
WARNING 2025-11-26 14:45:50,057 encryption Entschlüsselung fehlgeschlagen, verwende Klartext: 
WARNING 2025-11-26 14:45:50,057 encryption Entschlüsselung fehlgeschlagen, verwende Klartext: 
WARNING 2025-11-26 14:45:50,057 encryption Entschlüsselung fehlgeschlagen, verwende Klartext: 
WARNING 2025-11-26 14:45:50,057 encryption Entschlüsselung fehlgeschlagen, verwende Klartext: 
WARNING 2025-11-26 14:45:50,058 encryption Entschlüsselung fehlgeschlagen, verwende Klartext: 
WARNING 2025-11-26 14:45:50,058 encryption Entschlüsselung fehlgeschlagen, verwende Klartext: 
WARNING 2025-11-26 14:45:50,058 encryption Entschlüsselung fehlgeschlagen, verwende Klartext: 
WARNING 2025-11-26 14:45:50,058 encryption Entschlüsselung fehlgeschlagen, verwende Klartext: 
WARNING 2025-11-26 14:45:50,058 encryption Entschlüsselung fehlgeschlagen, verwende Klartext: 
WARNING 2025-11-26 14:45:50,059 encryption Entschlüsselung fehlgeschlagen, verwende Klartext: 
WARNING 2025-11-26 14:45:50,059 encryption Entschlüsselung fehlgeschlagen, verwende Klartext: 
WARNING 2025-11-26 14:45:50,059 encryption Entschlüsselung fehlgeschlagen, verwende Klartext: 
WARNING 2025-11-26 14:45:50,060 encryption Entschlüsselung fehlgeschlagen, verwende Klartext: 
WARNING 2025-11-26 14:45:50,061 encryption Entschlüsselung fehlgeschlagen, verwende Klartext: 
WARNING 2025-11-26 14:45:50,062 encryption Entschlüsselung fehlgeschlagen, verwende Klartext: 
WARNING 2025-11-26 14:45:50,062 encryption Entschlüsselung fehlgeschlagen, verwende Klartext: 
INFO 2025-11-26 14:45:50,086 audit Audit: CREATE Client 11 by Aivanova
WARNING 2025-11-26 14:45:50,124 encryption Entschlüsselung fehlgeschlagen, verwende Klartext: 
WARNING 2025-11-26 14:45:50,124 encryption Entschlüsselung fehlgeschlagen, verwende Klartext: 
WARNING 2025-11-26 14:45:50,124 encryption Entschlüsselung fehlgeschlagen, verwende Klartext: 
WARNING 2025-11-26 14:45:50,124 encryption Entschlüsselung fehlgeschlagen, verwende Klartext: 
WARNING 2025-11-26 14:45:50,125 encryption Entschlüsselung fehlgeschlagen, verwende Klartext: 
WARNING 2025-11-26 14:45:50,125 encryption Entschlüsselung fehlgeschlagen, verwende Klartext: 
WARNING 2025-11-26 14:45:50,125 encryption Entschlüsselung fehlgeschlagen, verwende Klartext: 
WARNING 2025-11-26 14:45:50,128 encryption Entschlüsselung fehlgeschlagen, verwende Klartext: 
WARNING 2025-11-26 14:45:50,129 encryption Entschlüsselung fehlgeschlagen, verwende Klartext: 
WARNING 2025-11-26 14:45:50,129 encryption Entschlüsselung fehlgeschlagen, verwende Klartext: 
WARNING 2025-11-26 14:45:50,129 encryption Entschlüsselung fehlgeschlagen, verwende Klartext: 
WARNING 2025-11-26 14:45:50,129 encryption Entschlüsselung fehlgeschlagen, verwende Klartext: 
WARNING 2025-11-26 14:45:50,130 encryption Entschlüsselung fehlgeschlagen, verwende Klartext: 
WARNING 2025-11-26 14:45:50,130 encryption Entschlüsselung fehlgeschlagen, verwende Klartext: 
INFO 2025-11-26 14:45:50,150 audit Audit: UPDATE Client 9 by Aivanova
INFO 2025-11-26 14:45:50,169 audit Audit: UPDATE Client 9 by Aivanova
INFO 2025-11-26 14:50:26,623 backup Backup erstellt: C:\AdeaTools\AdeaCore\backups\auto_20251126_145026_test
INFO 2025-11-26 14:59:00,530 audit Audit: LOGIN User 2 by ai
WARNING 2025-11-26 14:59:00,724 encryption Entschlüsselung fehlgeschlagen, verwende Klartext: 
WARNING 2025-11-26 14:59:00,725 encryption Entschlüsselung fehlgeschlagen, verwende Klartext: 
WARNING 2025-11-26 14:59:00,725 encryption Entschlüsselung fehlgeschlagen, verwende Klartext: 
WARNING 2025-11-26 14:59:00,725 encryption Entschlüsselung fehlgeschlagen, verwende Klartext: 
WARNING 2025-11-26 14:59:00,726 encryption Entschlüsselung fehlgeschlagen, verwende Klartext: 
WARNING 2025-11-26 14:59:00,726 encryption Entschlüsselung fehlgeschlagen, verwende Klartext: 
WARNING 2025-11-26 14:59:00,726 encryption Entschlüsselung fehlgeschlagen, verwende Klartext: 
WARNING 2025-11-26 14:59:08,794 encryption Entschlüsselung fehlgeschlagen, verwende Klartext: 
WARNING 2025-11-26 14:59:08,794 encryption Entschlüsselung fehlgeschlagen, verwende Klartext: 
WARNING 2025-11-26 14:59:08,794 encryption Entschlüsselung fehlgeschlagen, verwende Klartext: 
WARNING 2025-11-26 14:59:08,794 encryption Entschlüsselung fehlgeschlagen, verwende Klartext: 
WARNING 2025-11-26 14:59:08,795 encryption Entschlüsselung fehlgeschlagen, verwende Klartext: 
WARNING 2025-11-26 14:59:08,795 encryption Entschlüsselung fehlgeschlagen, verwende Klartext: 
WARNING 2025-11-26 14:59:08,795 encryption Entschlüsselung fehlgeschlagen, verwende Klartext: 
WARNING 2025-11-26 14:59:12,320 encryption Entschlüsselung fehlgeschlagen, verwende Klartext: 
WARNING 2025-11-26 14:59:12,320 encryption Entschlüsselung fehlgeschlagen, verwende Klartext: 
WARNING 2025-11-26 14:59:12,320 encryption Entschlüsselung fehlgeschlagen, verwende Klartext: 
WARNING 2025-11-26 14:59:12,320 encryption Entschlüsselung fehlgeschlagen, verwende Klartext: 
WARNING 2025-11-26 14:59:12,321 encryption Entschlüsselung fehlgeschlagen, verwende Klartext: 
WARNING 2025-11-26 14:59:12,321 encryption Entschlüsselung fehlgeschlagen, verwende Klartext: 
WARNING 2025-11-26 14:59:12,321 encryption Entschlüsselung fehlgeschlagen, verwende Klartext: 
WARNING 2025-11-26 14:59:16,888 encryption Entschlüsselung fehlgeschlagen, verwende Klartext: 
WARNING 2025-11-26 14:59:16,889 encryption Entschlüsselung fehlgeschlagen, verwende Klartext: 
WARNING 2025-11-26 14:59:16,889 encryption Entschlüsselung fehlgeschlagen, verwende Klartext: 
WARNING 2025-11-26 14:59:16,889 encryption Entschlüsselung fehlgeschlagen, verwende Klartext: 
WARNING 2025-11-26 14:59:16,889 encryption Entschlüsselung fehlgeschlagen, verwende Klartext: 
WARNING 2025-11-26 14:59:16,889 encryption Entschlüsselung fehlgeschlagen, verwende Klartext: 
WARNING 2025-11-26 14:59:16,890 encryption Entschlüsselung fehlgeschlagen, verwende Klartext: 
WARNING 2025-11-26 14:59:16,890 encryption Entschlüsselung fehlgeschlagen, verwende Klartext: 
WARNING 2025-11-26 14:59:16,891 encryption Entschlüsselung fehlgeschlagen, verwende Klartext: 
WARNING 2025-11-26 14:59:16,893 encryption Entschlüsselung fehlgeschlagen, verwende Klartext: 
WARNING 2025-11-26 14:59:16,893 encryption Entschlüsselung fehlgeschlagen, verwende Klartext: 
WARNING 2025-11-26 14:59:16,894 encryption Entschlüsselung fehlgeschlagen, verwende Klartext: 
WARNING 2025-11-26 14:59:16,894 encryption Entschlüsselung fehlgeschlagen, verwende Klartext: 
WARNING 2025-11-26 14:59:16,894 encryption Entschlüsselung fehlgeschlagen, verwende Klartext: 
WARNING 2025-11-26 14:59:16,894 encryption Entschlüsselung fehlgeschlagen, verwende Klartext: 
WARNING 2025-11-26 14:59:16,895 encryption Entschlüsselung fehlgeschlagen, verwende Klartext: 
WARNING 2025-11-26 14:59:16,895 encryption Entschlüsselung fehlgeschlagen, verwende Klartext: 
WARNING 2025-11-26 14:59:16,895 encryption Entschlüsselung fehlgeschlagen, verwende Klartext: 
WARNING 2025-11-26 14:59:16,895 encryption Entschlüsselung fehlgeschlagen, verwende Klartext: 
WARNING 2025-11-26 14:59:16,901 encryption Entschlüsselung fehlgeschlagen, verwende Klartext: 
WARNING 2025-11-26 14:59:16,901 encryption Entschlüsselung fehlgeschlagen, verwende Klartext: 
WARNING 2025-11-26 14:59:16,902 encryption Entschlüsselung fehlgeschlagen, verwende Klartext: 
WARNING 2025-11-26 14:59:16,903 encryption Entschlüsselung fehlgeschlagen, verwende Klartext: 
WARNING 2025-11-26 14:59:16,904 encryption Entschlüsselung fehlgeschlagen, verwende Klartext: 
WARNING 2025-11-26 14:59:16,905 encryption Entschlüsselung fehlgeschlagen, verwende Klartext: 
WARNING 2025-11-26 14:59:16,905 encryption Entschlüsselung fehlgeschlagen, verwende Klartext: 
WARNING 2025-11-26 14:59:16,906 encryption Entschlüsselung fehlgeschlagen, verwende Klartext: 
WARNING 2025-11-26 14:59:16,906 encryption Entschlüsselung fehlgeschlagen, verwende Klartext: 
WARNING 2025-11-26 14:59:16,906 encryption Entschlüsselung fehlgeschlagen, verwende Klartext: 
WARNING 2025-11-26 14:59:16,907 encryption Entschlüsselung fehlgeschlagen, verwende Klartext: 
WARNING 2025-11-26 14:59:16,908 encryption Entschlüsselung fehlgeschlagen, verwende Klartext: 
WARNING 2025-11-26 14:59:16,908 encryption Entschlüsselung fehlgeschlagen, verwende Klartext: 
WARNING 2025-11-26 14:59:16,912 encryption Entschlüsselung fehlgeschlagen, verwende Klartext: 
WARNING 2025-11-26 14:59:16,917 encryption Entschlüsselung fehlgeschlagen, verwende Klartext: 
WARNING 2025-11-26 14:59:16,917 encryption Entschlüsselung fehlgeschlagen, verwende Klartext: 
WARNING 2025-11-26 14:59:16,917 encryption Entschlüsselung fehlgeschlagen, verwende Klartext: 
WARNING 2025-11-26 14:59:16,917 encryption Entschlüsselung fehlgeschlagen, verwende Klartext: 
WARNING 2025-11-26 14:59:16,917 encryption Entschlüsselung fehlgeschlagen, verwende Klartext: 
INFO 2025-11-26 14:59:31,356 audit Audit: LOGOUT User 2 by ai
INFO 2025-11-26 14:59:43,516 audit Audit: LOGIN User 1 by Aivanova
WARNING 2025-11-26 14:59:43,547 encryption Entschlüsselung fehlgeschlagen, verwende Klartext: 
WARNING 2025-11-26 14:59:43,547 encryption Entschlüsselung fehlgeschlagen, verwende Klartext: 
WARNING 2025-11-26 14:59:43,548 encryption Entschlüsselung fehlgeschlagen, verwende Klartext: 
WARNING 2025-11-26 14:59:43,548 encryption Entschlüsselung fehlgeschlagen, verwende Klartext: 
WARNING 2025-11-26 14:59:43,548 encryption Entschlüsselung fehlgeschlagen, verwende Klartext: 
WARNING 2025-11-26 14:59:43,548 encryption Entschlüsselung fehlgeschlagen, verwende Klartext: 
WARNING 2025-11-26 14:59:43,548 encryption Entschlüsselung fehlgeschlagen, verwende Klartext: 
WARNING 2025-11-26 14:59:48,602 encryption Entschlüsselung fehlgeschlagen, verwende Klartext: 
WARNING 2025-11-26 14:59:48,602 encryption Entschlüsselung fehlgeschlagen, verwende Klartext: 
WARNING 2025-11-26 14:59:48,602 encryption Entschlüsselung fehlgeschlagen, verwende Klartext: 
WARNING 2025-11-26 14:59:48,602 encryption Entschlüsselung fehlgeschlagen, verwende Klartext: 
WARNING 2025-11-26 14:59:48,602 encryption Entschlüsselung fehlgeschlagen, verwende Klartext: 
WARNING 2025-11-26 14:59:48,602 encryption Entschlüsselung fehlgeschlagen, verwende Klartext: 
WARNING 2025-11-26 14:59:48,603 encryption Entschlüsselung fehlgeschlagen, verwende Klartext: 
WARNING 2025-11-26 14:59:48,603 encryption Entschlüsselung fehlgeschlagen, verwende Klartext: 
WARNING 2025-11-26 14:59:48,603 encryption Entschlüsselung fehlgeschlagen, verwende Klartext: 
WARNING 2025-11-26 14:59:48,603 encryption Entschlüsselung fehlgeschlagen, verwende Klartext: 
WARNING 2025-11-26 14:59:48,604 encryption Entschlüsselung fehlgeschlagen, verwende Klartext: 
WARNING 2025-11-26 14:59:48,604 encryption Entschlüsselung fehlgeschlagen, verwende Klartext: 
WARNING 2025-11-26 14:59:48,604 encryption Entschlüsselung fehlgeschlagen, verwende Klartext: 
WARNING 2025-11-26 14:59:48,604 encryption Entschlüsselung fehlgeschlagen, verwende Klartext: 
WARNING 2025-11-26 14:59:48,605 encryption Entschlüsselung fehlgeschlagen, verwende Klartext: 
WARNING 2025-11-26 14:59:48,605 encryption Entschlüsselung fehlgeschlagen, verwende Klartext: 
WARNING 2025-11-26 14:59:48,605 encryption Entschlüsselung fehlgeschlagen, verwende Klartext: 
WARNING 2025-11-26 14:59:48,605 encryption Entschlüsselung fehlgeschlagen, verwende Klartext: 
WARNING 2025-11-26 14:59:48,605 encryption Entschlüsselung fehlgeschlagen, verwende Klartext: 
WARNING 2025-11-26 14:59:57,587 encryption Entschlüsselung fehlgeschlagen, verwende Klartext: 
WARNING 2025-11-26 14:59:57,589 encryption Entschlüsselung fehlgeschlagen, verwende Klartext: 
WARNING 2025-11-26 14:59:57,589 encryption Entschlüsselung fehlgeschlagen, verwende Klartext: 
WARNING 2025-11-26 14:59:57,590 encryption Entschlüsselung fehlgeschlagen, verwende Klartext: 
WARNING 2025-11-26 14:59:57,591 encryption Entschlüsselung fehlgeschlagen, verwende Klartext: 
WARNING 2025-11-26 14:59:57,591 encryption Entschlüsselung fehlgeschlagen, verwende Klartext: 
WARNING 2025-11-26 14:59:57,591 encryption Entschlüsselung fehlgeschlagen, verwende Klartext: 
WARNING 2025-11-26 15:00:01,655 encryption Entschlüsselung fehlgeschlagen, verwende Klartext: 
WARNING 2025-11-26 15:00:01,656 encryption Entschlüsselung fehlgeschlagen, verwende Klartext: 
WARNING 2025-11-26 15:00:01,657 encryption Entschlüsselung fehlgeschlagen, verwende Klartext: 
WARNING 2025-11-26 15:00:01,667 encryption Entschlüsselung fehlgeschlagen, verwende Klartext: 
WARNING 2025-11-26 15:00:01,668 encryption Entschlüsselung fehlgeschlagen, verwende Klartext: 
WARNING 2025-11-26 15:00:01,669 encryption Entschlüsselung fehlgeschlagen, verwende Klartext: 
WARNING 2025-11-26 15:00:01,669 encryption Entschlüsselung fehlgeschlagen, verwende Klartext: 
WARNING 2025-11-26 15:00:01,669 encryption Entschlüsselung fehlgeschlagen, verwende Klartext: 
WARNING 2025-11-26 15:00:01,670 encryption Entschlüsselung fehlgeschlagen, verwende Klartext: 
WARNING 2025-11-26 15:00:01,671 encryption Entschlüsselung fehlgeschlagen, verwende Klartext: 
WARNING 2025-11-26 15:00:01,672 encryption Entschlüsselung fehlgeschlagen, verwende Klartext: 
WARNING 2025-11-26 15:00:01,673 encryption Entschlüsselung fehlgeschlagen, verwende Klartext: 
WARNING 2025-11-26 15:00:01,676 encryption Entschlüsselung fehlgeschlagen, verwende Klartext: 
WARNING 2025-11-26 15:00:01,678 encryption Entschlüsselung fehlgeschlagen, verwende Klartext: 
WARNING 2025-11-26 15:00:01,678 encryption Entschlüsselung fehlgeschlagen, verwende Klartext: 
WARNING 2025-11-26 15:00:01,680 encryption Entschlüsselung fehlgeschlagen, verwende Klartext: 
WARNING 2025-11-26 15:00:01,685 encryption Entschlüsselung fehlgeschlagen, verwende Klartext: 
WARNING 2025-11-26 15:00:01,695 encryption Entschlüsselung fehlgeschlagen, verwende Klartext: 
WARNING 2025-11-26 15:00:01,697 encryption Entschlüsselung fehlgeschlagen, verwende Klartext: 
WARNING 2025-11-26 15:00:01,697 encryption Entschlüsselung fehlgeschlagen, verwende Klartext: 
WARNING 2025-11-26 15:00:01,697 encryption Entschlüsselung fehlgeschlagen, verwende Klartext: 
WARNING 2025-11-26 15:00:01,698 encryption Entschlüsselung fehlgeschlagen, verwende Klartext: 
WARNING 2025-11-26 15:00:01,699 encryption Entschlüsselung fehlgeschlagen, verwende Klartext: 
WARNING 2025-11-26 15:00:01,699 encryption Entschlüsselung fehlgeschlagen, verwende Klartext: 
WARNING 2025-11-26 15:00:06,699 encryption Entschlüsselung fehlgeschlagen, verwende Klartext: 
WARNING 2025-11-26 15:00:06,700 encryption Entschlüsselung fehlgeschlagen, verwende Klartext: 
WARNING 2025-11-26 15:00:06,700 encryption Entschlüsselung fehlgeschlagen, verwende Klartext: 
WARNING 2025-11-26 15:00:06,700 encryption Entschlüsselung fehlgeschlagen, verwende Klartext: 
WARNING 2025-11-26 15:00:06,700 encryption Entschlüsselung fehlgeschlagen, verwende Klartext: 
WARNING 2025-11-26 15:00:06,700 encryption Entschlüsselung fehlgeschlagen, verwende Klartext: 
WARNING 2025-11-26 15:00:06,701 encryption Entschlüsselung fehlgeschlagen, verwende Klartext: 
WARNING 2025-11-26 15:00:06,701 encryption Entschlüsselung fehlgeschlagen, verwende Klartext: 
WARNING 2025-11-26 15:00:06,701 encryption Entschlüsselung fehlgeschlagen, verwende Klartext: 
WARNING 2025-11-26 15:00:06,701 encryption Entschlüsselung fehlgeschlagen, verwende Klartext: 
WARNING 2025-11-26 15:00:06,701 encryption Entschlüsselung fehlgeschlagen, verwende Klartext: 
WARNING 2025-11-26 15:00:06,702 encryption Entschlüsselung fehlgeschlagen, verwende Klartext: 
WARNING 2025-11-26 15:00:06,702 encryption Entschlüsselung fehlgeschlagen, verwende Klartext: 
WARNING 2025-11-26 15:00:06,702 encryption Entschlüsselung fehlgeschlagen, verwende Klartext: 
WARNING 2025-11-26 15:00:06,702 encryption Entschlüsselung fehlgeschlagen, verwende Klartext: 
WARNING 2025-11-26 15:00:06,702 encryption Entschlüsselung fehlgeschlagen, verwende Klartext: 
WARNING 2025-11-26 15:00:06,703 encryption Entschlüsselung fehlgeschlagen, verwende Klartext: 
WARNING 2025-11-26 15:00:06,703 encryption Entschlüsselung fehlgeschlagen, verwende Klartext: 
WARNING 2025-11-26 15:00:06,703 encryption Entschlüsselung fehlgeschlagen, verwende Klartext: 
WARNING 2025-11-26 15:00:06,703 encryption Entschlüsselung fehlgeschlagen, verwende Klartext: 
WARNING 2025-11-26 15:00:06,703 encryption Entschlüsselung fehlgeschlagen, verwende Klartext: 
WARNING 2025-11-26 15:00:06,704 encryption Entschlüsselung fehlgeschlagen, verwende Klartext: 
WARNING 2025-11-26 15:00:06,704 encryption Entschlüsselung fehlgeschlagen, verwende Klartext: 
WARNING 2025-11-26 15:00:06,704 encryption Entschlüsselung fehlgeschlagen, verwende Klartext: 
WARNING 2025-11-26 15:00:06,704 encryption Entschlüsselung fehlgeschlagen, verwende Klartext: 
WARNING 2025-11-26 15:00:06,704 encryption Entschlüsselung fehlgeschlagen, verwende Klartext: 
WARNING 2025-11-26 15:00:06,704 encryption Entschlüsselung fehlgeschlagen, verwende Klartext: 
WARNING 2025-11-26 15:00:06,705 encryption Entschlüsselung fehlgeschlagen, verwende Klartext: 
WARNING 2025-11-26 15:00:06,705 encryption Entschlüsselung fehlgeschlagen, verwende Klartext: 
WARNING 2025-11-26 15:00:06,705 encryption Entschlüsselung fehlgeschlagen, verwende Klartext: 
WARNING 2025-11-26 15:00:06,705 encryption Entschlüsselung fehlgeschlagen, verwende Klartext: 
WARNING 2025-11-26 15:00:06,705 encryption Entschlüsselung fehlgeschlagen, verwende Klartext: 
WARNING 2025-11-26 15:00:06,706 encryption Entschlüsselung fehlgeschlagen, verwende Klartext: 
WARNING 2025-11-26 15:00:06,706 encryption Entschlüsselung fehlgeschlagen, verwende Klartext: 
WARNING 2025-11-26 15:00:06,706 encryption Entschlüsselung fehlgeschlagen, verwende Klartext: 
WARNING 2025-11-26 15:00:06,706 encryption Entschlüsselung fehlgeschlagen, verwende Klartext: 
WARNING 2025-11-26 15:00:06,706 encryption Entschlüsselung fehlgeschlagen, verwende Klartext: 
WARNING 2025-11-26 15:00:06,706 encryption Entschlüsselung fehlgeschlagen, verwende Klartext: 
WARNING 2025-11-26 15:00:06,707 encryption Entschlüsselung fehlgeschlagen, verwende Klartext: 
WARNING 2025-11-26 15:00:06,707 encryption Entschlüsselung fehlgeschlagen, verwende Klartext: 
WARNING 2025-11-26 15:00:06,707 encryption Entschlüsselung fehlgeschlagen, verwende Klartext: 
WARNING 2025-11-26 15:00:06,707 encryption Entschlüsselung fehlgeschlagen, verwende Klartext: 
WARNING 2025-11-26 15:00:06,708 encryption Entschlüsselung fehlgeschlagen, verwende Klartext: 
WARNING 2025-11-26 15:00:06,708 encryption Entschlüsselung fehlgeschlagen, verwende Klartext: 
WARNING 2025-11-26 15:00:06,708 encryption Entschlüsselung fehlgeschlagen, verwende Klartext: 
WARNING 2025-11-26 15:00:06,709 encryption Entschlüsselung fehlgeschlagen, verwende Klartext: 
WARNING 2025-11-26 15:00:06,709 encryption Entschlüsselung fehlgeschlagen, verwende Klartext: 
WARNING 2025-11-26 15:00:06,710 encryption Entschlüsselung fehlgeschlagen, verwende Klartext: 
WARNING 2025-11-26 15:00:06,710 encryption Entschlüsselung fehlgeschlagen, verwende Klartext: 
WARNING 2025-11-26 15:00:06,710 encryption Entschlüsselung fehlgeschlagen, verwende Klartext: 
WARNING 2025-11-26 15:00:06,710 encryption Entschlüsselung fehlgeschlagen, verwende Klartext: 
WARNING 2025-11-26 15:00:06,711 encryption Entschlüsselung fehlgeschlagen, verwende Klartext: 
WARNING 2025-11-26 15:00:06,711 encryption Entschlüsselung fehlgeschlagen, verwende Klartext: 
WARNING 2025-11-26 15:00:06,711 encryption Entschlüsselung fehlgeschlagen, verwende Klartext: 
WARNING 2025-11-26 15:00:06,711 encryption Entschlüsselung fehlgeschlagen, verwende Klartext: 
WARNING 2025-11-26 15:00:06,711 encryption Entschlüsselung fehlgeschlagen, verwende Klartext: 
WARNING 2025-11-26 15:00:06,716 encryption Entschlüsselung fehlgeschlagen, verwende Klartext: 
WARNING 2025-11-26 15:00:06,717 encryption Entschlüsselung fehlgeschlagen, verwende Klartext: 
WARNING 2025-11-26 15:00:06,717 encryption Entschlüsselung fehlgeschlagen, verwende Klartext: 
WARNING 2025-11-26 15:00:06,717 encryption Entschlüsselung fehlgeschlagen, verwende Klartext: 
WARNING 2025-11-26 15:00:06,717 encryption Entschlüsselung fehlgeschlagen, verwende Klartext: 
WARNING 2025-11-26 15:00:06,718 encryption Entschlüsselung fehlgeschlagen, verwende Klartext: 
WARNING 2025-11-26 15:00:06,718 encryption Entschlüsselung fehlgeschlagen, verwende Klartext: 
WARNING 2025-11-26 15:00:06,718 encryption Entschlüsselung fehlgeschlagen, verwende Klartext: 
WARNING 2025-11-26 15:00:06,718 encryption Entschlüsselung fehlgeschlagen, verwende Klartext: 
WARNING 2025-11-26 15:02:05,188 encryption Entschlüsselung fehlgeschlagen, verwende Klartext: 
WARNING 2025-11-26 15:02:05,190 encryption Entschlüsselung fehlgeschlagen, verwende Klartext: 
WARNING 2025-11-26 15:02:05,191 encryption Entschlüsselung fehlgeschlagen, verwende Klartext: 
WARNING 2025-11-26 15:02:05,192 encryption Entschlüsselung fehlgeschlagen, verwende Klartext: 
WARNING 2025-11-26 15:02:05,192 encryption Entschlüsselung fehlgeschlagen, verwende Klartext: 
WARNING 2025-11-26 15:02:05,193 encryption Entschlüsselung fehlgeschlagen, verwende Klartext: 
WARNING 2025-11-26 15:02:05,193 encryption Entschlüsselung fehlgeschlagen, verwende Klartext: 
WARNING 2025-11-26 15:02:59,649 encryption Entschlüsselung fehlgeschlagen, verwende Klartext: 
WARNING 2025-11-26 15:02:59,649 encryption Entschlüsselung fehlgeschlagen, verwende Klartext: 
WARNING 2025-11-26 15:02:59,650 encryption Entschlüsselung fehlgeschlagen, verwende Klartext: 
WARNING 2025-11-26 15:02:59,650 encryption Entschlüsselung fehlgeschlagen, verwende Klartext: 
WARNING 2025-11-26 15:02:59,650 encryption Entschlüsselung fehlgeschlagen, verwende Klartext: 
WARNING 2025-11-26 15:02:59,650 encryption Entschlüsselung fehlgeschlagen, verwende Klartext: 
WARNING 2025-11-26 15:02:59,651 encryption Entschlüsselung fehlgeschlagen, verwende Klartext: 
WARNING 2025-11-26 15:02:59,651 encryption Entschlüsselung fehlgeschlagen, verwende Klartext: 
WARNING 2025-11-26 15:02:59,652 encryption Entschlüsselung fehlgeschlagen, verwende Klartext: 
WARNING 2025-11-26 15:02:59,652 encryption Entschlüsselung fehlgeschlagen, verwende Klartext: 
WARNING 2025-11-26 15:02:59,653 encryption Entschlüsselung fehlgeschlagen, verwende Klartext: 
WARNING 2025-11-26 15:02:59,653 encryption Entschlüsselung fehlgeschlagen, verwende Klartext: 
WARNING 2025-11-26 15:02:59,653 encryption Entschlüsselung fehlgeschlagen, verwende Klartext: 
WARNING 2025-11-26 15:02:59,653 encryption Entschlüsselung fehlgeschlagen, verwende Klartext: 
WARNING 2025-11-26 15:02:59,654 encryption Entschlüsselung fehlgeschlagen, verwende Klartext: 
WARNING 2025-11-26 15:02:59,654 encryption Entschlüsselung fehlgeschlagen, verwende Klartext: 
WARNING 2025-11-26 15:02:59,654 encryption Entschlüsselung fehlgeschlagen, verwende Klartext: 
WARNING 2025-11-26 15:02:59,654 encryption Entschlüsselung fehlgeschlagen, verwende Klartext: 
WARNING 2025-11-26 15:02:59,655 encryption Entschlüsselung fehlgeschlagen, verwende Klartext: 
WARNING 2025-11-26 15:02:59,655 encryption Entschlüsselung fehlgeschlagen, verwende Klartext: 
WARNING 2025-11-26 15:02:59,655 encryption Entschlüsselung fehlgeschlagen, verwende Klartext: 
WARNING 2025-11-26 15:02:59,655 encryption Entschlüsselung fehlgeschlagen, verwende Klartext: 
WARNING 2025-11-26 15:02:59,656 encryption Entschlüsselung fehlgeschlagen, verwende Klartext: 
WARNING 2025-11-26 15:02:59,656 encryption Entschlüsselung fehlgeschlagen, verwende Klartext: 
WARNING 2025-11-26 15:02:59,656 encryption Entschlüsselung fehlgeschlagen, verwende Klartext: 
WARNING 2025-11-26 15:02:59,656 encryption Entschlüsselung fehlgeschlagen, verwende Klartext: 
WARNING 2025-11-26 15:02:59,656 encryption Entschlüsselung fehlgeschlagen, verwende Klartext: 
WARNING 2025-11-26 15:02:59,657 encryption Entschlüsselung fehlgeschlagen, verwende Klartext: 
WARNING 2025-11-26 15:02:59,657 encryption Entschlüsselung fehlgeschlagen, verwende Klartext: 
WARNING 2025-11-26 15:02:59,657 encryption Entschlüsselung fehlgeschlagen, verwende Klartext: 
WARNING 2025-11-26 15:02:59,657 encryption Entschlüsselung fehlgeschlagen, verwende Klartext: 
WARNING 2025-11-26 15:02:59,657 encryption Entschlüsselung fehlgeschlagen, verwende Klartext: 
WARNING 2025-11-26 15:02:59,658 encryption Entschlüsselung fehlgeschlagen, verwende Klartext: 
WARNING 2025-11-26 15:02:59,658 encryption Entschlüsselung fehlgeschlagen, verwende Klartext: 
WARNING 2025-11-26 15:02:59,658 encryption Entschlüsselung fehlgeschlagen, verwende Klartext: 
WARNING 2025-11-26 15:02:59,658 encryption Entschlüsselung fehlgeschlagen, verwende Klartext: 
WARNING 2025-11-26 15:02:59,658 encryption Entschlüsselung fehlgeschlagen, verwende Klartext: 
WARNING 2025-11-26 15:02:59,659 encryption Entschlüsselung fehlgeschlagen, verwende Klartext: 
WARNING 2025-11-26 15:02:59,659 encryption Entschlüsselung fehlgeschlagen, verwende Klartext: 
WARNING 2025-11-26 15:02:59,659 encryption Entschlüsselung fehlgeschlagen, verwende Klartext: 
WARNING 2025-11-26 15:02:59,659 encryption Entschlüsselung fehlgeschlagen, verwende Klartext: 
WARNING 2025-11-26 15:02:59,659 encryption Entschlüsselung fehlgeschlagen, verwende Klartext: 
WARNING 2025-11-26 15:02:59,660 encryption Entschlüsselung fehlgeschlagen, verwende Klartext: 
WARNING 2025-11-26 15:02:59,712 encryption Entschlüsselung fehlgeschlagen, verwende Klartext: 
WARNING 2025-11-26 15:02:59,714 encryption Entschlüsselung fehlgeschlagen, verwende Klartext: 
WARNING 2025-11-26 15:02:59,715 encryption Entschlüsselung fehlgeschlagen, verwende Klartext: 
WARNING 2025-11-26 15:02:59,715 encryption Entschlüsselung fehlgeschlagen, verwende Klartext: 
WARNING 2025-11-26 15:02:59,718 encryption Entschlüsselung fehlgeschlagen, verwende Klartext: 
WARNING 2025-11-26 15:02:59,719 encryption Entschlüsselung fehlgeschlagen, verwende Klartext: 
WARNING 2025-11-26 15:02:59,720 encryption Entschlüsselung fehlgeschlagen, verwende Klartext: 
WARNING 2025-11-26 15:02:59,721 encryption Entschlüsselung fehlgeschlagen, verwende Klartext: 
WARNING 2025-11-26 15:02:59,721 encryption Entschlüsselung fehlgeschlagen, verwende Klartext: 
WARNING 2025-11-26 15:02:59,722 encryption Entschlüsselung fehlgeschlagen, verwende Klartext: 
WARNING 2025-11-26 15:02:59,722 encryption Entschlüsselung fehlgeschlagen, verwende Klartext: 
WARNING 2025-11-26 15:02:59,723 encryption Entschlüsselung fehlgeschlagen, verwende Klartext: 
WARNING 2025-11-26 15:02:59,723 encryption Entschlüsselung fehlgeschlagen, verwende Klartext: 
WARNING 2025-11-26 15:02:59,723 encryption Entschlüsselung fehlgeschlagen, verwende Klartext: 
WARNING 2025-11-26 15:02:59,724 encryption Entschlüsselung fehlgeschlagen, verwende Klartext: 
WARNING 2025-11-26 15:02:59,724 encryption Entschlüsselung fehlgeschlagen, verwende Klartext: 
WARNING 2025-11-26 15:02:59,724 encryption Entschlüsselung fehlgeschlagen, verwende Klartext: 
WARNING 2025-11-26 15:02:59,725 encryption Entschlüsselung fehlgeschlagen, verwende Klartext: 
WARNING 2025-11-26 15:02:59,725 encryption Entschlüsselung fehlgeschlagen, verwende Klartext: 
WARNING 2025-11-26 15:02:59,725 encryption Entschlüsselung fehlgeschlagen, verwende Klartext: 
WARNING 2025-11-26 15:02:59,726 encryption Entschlüsselung fehlgeschlagen, verwende Klartext: 
WARNING 2025-11-26 15:02:59,726 encryption Entschlüsselung fehlgeschlagen, verwende Klartext: 
WARNING 2025-11-26 15:02:59,727 encryption Entschlüsselung fehlgeschlagen, verwende Klartext: 
WARNING 2025-11-26 15:02:59,728 encryption Entschlüsselung fehlgeschlagen, verwende Klartext: 
WARNING 2025-11-26 15:02:59,730 encryption Entschlüsselung fehlgeschlagen, verwende Klartext: 
WARNING 2025-11-26 15:02:59,731 encryption Entschlüsselung fehlgeschlagen, verwende Klartext: 
WARNING 2025-11-26 15:02:59,731 encryption Entschlüsselung fehlgeschlagen, verwende Klartext: 
WARNING 2025-11-26 15:02:59,737 encryption Entschlüsselung fehlgeschlagen, verwende Klartext: 
WARNING 2025-11-26 15:02:59,738 encryption Entschlüsselung fehlgeschlagen, verwende Klartext: 
WARNING 2025-11-26 15:02:59,738 encryption Entschlüsselung fehlgeschlagen, verwende Klartext: 
WARNING 2025-11-26 15:02:59,739 encryption Entschlüsselung fehlgeschlagen, verwende Klartext: 
WARNING 2025-11-26 15:02:59,739 encryption Entschlüsselung fehlgeschlagen, verwende Klartext: 
WARNING 2025-11-26 15:02:59,740 encryption Entschlüsselung fehlgeschlagen, verwende Klartext: 
WARNING 2025-11-26 15:02:59,740 encryption Entschlüsselung fehlgeschlagen, verwende Klartext: 
INFO 2025-11-26 15:02:59,825 audit Audit: UPDATE Client 9 by system
WARNING 2025-11-26 15:02:59,829 encryption Entschlüsselung fehlgeschlagen, verwende Klartext: 
WARNING 2025-11-26 15:02:59,830 encryption Entschlüsselung fehlgeschlagen, verwende Klartext: 
WARNING 2025-11-26 15:02:59,831 encryption Entschlüsselung fehlgeschlagen, verwende Klartext: 
WARNING 2025-11-26 15:02:59,831 encryption Entschlüsselung fehlgeschlagen, verwende Klartext: 
WARNING 2025-11-26 15:02:59,832 encryption Entschlüsselung fehlgeschlagen, verwende Klartext: 
WARNING 2025-11-26 15:02:59,832 encryption Entschlüsselung fehlgeschlagen, verwende Klartext: 
WARNING 2025-11-26 15:02:59,832 encryption Entschlüsselung fehlgeschlagen, verwende Klartext: 
WARNING 2025-11-26 15:02:59,833 encryption Entschlüsselung fehlgeschlagen, verwende Klartext: 
INFO 2025-11-26 15:02:59,877 audit Audit: UPDATE Client 3 by system
WARNING 2025-11-26 15:02:59,881 encryption Entschlüsselung fehlgeschlagen, verwende Klartext: 
WARNING 2025-11-26 15:02:59,882 encryption Entschlüsselung fehlgeschlagen, verwende Klartext: 
WARNING 2025-11-26 15:02:59,882 encryption Entschlüsselung fehlgeschlagen, verwende Klartext: 
WARNING 2025-11-26 15:02:59,883 encryption Entschlüsselung fehlgeschlagen, verwende Klartext: 
WARNING 2025-11-26 15:02:59,883 encryption Entschlüsselung fehlgeschlagen, verwende Klartext: 
WARNING 2025-11-26 15:02:59,885 encryption Entschlüsselung fehlgeschlagen, verwende Klartext: 
WARNING 2025-11-26 15:02:59,887 encryption Entschlüsselung fehlgeschlagen, verwende Klartext: 
INFO 2025-11-26 15:02:59,925 audit Audit: UPDATE Client 2 by system
WARNING 2025-11-26 15:02:59,929 encryption Entschlüsselung fehlgeschlagen, verwende Klartext: 
WARNING 2025-11-26 15:02:59,931 encryption Entschlüsselung fehlgeschlagen, verwende Klartext: 
WARNING 2025-11-26 15:02:59,931 encryption Entschlüsselung fehlgeschlagen, verwende Klartext: 
WARNING 2025-11-26 15:02:59,931 encryption Entschlüsselung fehlgeschlagen, verwende Klartext: 
WARNING 2025-11-26 15:02:59,931 encryption Entschlüsselung fehlgeschlagen, verwende Klartext: 
WARNING 2025-11-26 15:02:59,932 encryption Entschlüsselung fehlgeschlagen, verwende Klartext: 
WARNING 2025-11-26 15:02:59,932 encryption Entschlüsselung fehlgeschlagen, verwende Klartext: 
WARNING 2025-11-26 15:02:59,932 encryption Entschlüsselung fehlgeschlagen, verwende Klartext: 
INFO 2025-11-26 15:02:59,943 audit Audit: UPDATE Client 6 by system
WARNING 2025-11-26 15:02:59,946 encryption Entschlüsselung fehlgeschlagen, verwende Klartext: 
WARNING 2025-11-26 15:02:59,947 encryption Entschlüsselung fehlgeschlagen, verwende Klartext: 
WARNING 2025-11-26 15:02:59,947 encryption Entschlüsselung fehlgeschlagen, verwende Klartext: 
WARNING 2025-11-26 15:02:59,947 encryption Entschlüsselung fehlgeschlagen, verwende Klartext: 
WARNING 2025-11-26 15:02:59,948 encryption Entschlüsselung fehlgeschlagen, verwende Klartext: 
WARNING 2025-11-26 15:02:59,948 encryption Entschlüsselung fehlgeschlagen, verwende Klartext: 
WARNING 2025-11-26 15:02:59,948 encryption Entschlüsselung fehlgeschlagen, verwende Klartext: 
WARNING 2025-11-26 15:02:59,948 encryption Entschlüsselung fehlgeschlagen, verwende Klartext: 
INFO 2025-11-26 15:03:00,007 audit Audit: UPDATE Client 4 by system
WARNING 2025-11-26 15:03:00,009 encryption Entschlüsselung fehlgeschlagen, verwende Klartext: 
WARNING 2025-11-26 15:03:00,009 encryption Entschlüsselung fehlgeschlagen, verwende Klartext: 
WARNING 2025-11-26 15:03:00,010 encryption Entschlüsselung fehlgeschlagen, verwende Klartext: 
WARNING 2025-11-26 15:03:00,010 encryption Entschlüsselung fehlgeschlagen, verwende Klartext: 
WARNING 2025-11-26 15:03:00,012 encryption Entschlüsselung fehlgeschlagen, verwende Klartext: 
WARNING 2025-11-26 15:03:00,014 encryption Entschlüsselung fehlgeschlagen, verwende Klartext: 
WARNING 2025-11-26 15:03:00,014 encryption Entschlüsselung fehlgeschlagen, verwende Klartext: 
INFO 2025-11-26 15:03:00,164 audit Audit: UPDATE Client 10 by system
WARNING 2025-11-26 15:03:00,169 encryption Entschlüsselung fehlgeschlagen, verwende Klartext: 
WARNING 2025-11-26 15:03:00,171 encryption Entschlüsselung fehlgeschlagen, verwende Klartext: 
WARNING 2025-11-26 15:03:00,171 encryption Entschlüsselung fehlgeschlagen, verwende Klartext: 
WARNING 2025-11-26 15:03:00,171 encryption Entschlüsselung fehlgeschlagen, verwende Klartext: 
WARNING 2025-11-26 15:03:00,172 encryption Entschlüsselung fehlgeschlagen, verwende Klartext: 
WARNING 2025-11-26 15:03:00,172 encryption Entschlüsselung fehlgeschlagen, verwende Klartext: 
WARNING 2025-11-26 15:03:00,172 encryption Entschlüsselung fehlgeschlagen, verwende Klartext: 
INFO 2025-11-26 15:03:00,189 audit Audit: UPDATE Client 5 by system
WARNING 2025-11-26 15:03:00,190 encryption Entschlüsselung fehlgeschlagen, verwende Klartext: 
WARNING 2025-11-26 15:03:00,191 encryption Entschlüsselung fehlgeschlagen, verwende Klartext: 
WARNING 2025-11-26 15:03:00,191 encryption Entschlüsselung fehlgeschlagen, verwende Klartext: 
WARNING 2025-11-26 15:03:00,191 encryption Entschlüsselung fehlgeschlagen, verwende Klartext: 
WARNING 2025-11-26 15:03:00,192 encryption Entschlüsselung fehlgeschlagen, verwende Klartext: 
WARNING 2025-11-26 15:03:00,192 encryption Entschlüsselung fehlgeschlagen, verwende Klartext: 
WARNING 2025-11-26 15:03:00,192 encryption Entschlüsselung fehlgeschlagen, verwende Klartext: 
WARNING 2025-11-26 15:03:00,192 encryption Entschlüsselung fehlgeschlagen, verwende Klartext: 
INFO 2025-11-26 15:03:00,206 audit Audit: UPDATE Client 11 by system
WARNING 2025-11-26 15:03:00,208 encryption Entschlüsselung fehlgeschlagen, verwende Klartext: 
WARNING 2025-11-26 15:03:00,209 encryption Entschlüsselung fehlgeschlagen, verwende Klartext: 
WARNING 2025-11-26 15:03:00,209 encryption Entschlüsselung fehlgeschlagen, verwende Klartext: 
WARNING 2025-11-26 15:03:00,209 encryption Entschlüsselung fehlgeschlagen, verwende Klartext: 
WARNING 2025-11-26 15:03:00,209 encryption Entschlüsselung fehlgeschlagen, verwende Klartext: 
INFO 2025-11-26 15:03:00,220 audit Audit: UPDATE Client 8 by system
WARNING 2025-11-26 15:03:00,223 encryption Entschlüsselung fehlgeschlagen, verwende Klartext: 
WARNING 2025-11-26 15:03:00,223 encryption Entschlüsselung fehlgeschlagen, verwende Klartext: 
WARNING 2025-11-26 15:03:00,224 encryption Entschlüsselung fehlgeschlagen, verwende Klartext: 
WARNING 2025-11-26 15:03:00,224 encryption Entschlüsselung fehlgeschlagen, verwende Klartext: 
WARNING 2025-11-26 15:03:00,224 encryption Entschlüsselung fehlgeschlagen, verwende Klartext: 
INFO 2025-11-26 15:03:00,242 audit Audit: UPDATE Client 7 by system
INFO 2025-11-26 15:03:37,051 audit Audit: UPDATE Client 9 by system
WARNING 2025-11-26 15:04:22,481 encryption Entschlüsselung fehlgeschlagen, verwende Klartext: 
WARNING 2025-11-26 15:04:24,118 encryption Entschlüsselung fehlgeschlagen, verwende Klartext: 
WARNING 2025-11-26 15:04:34,528 encryption Entschlüsselung fehlgeschlagen, verwende Klartext: 
WARNING 2025-11-26 15:04:36,125 encryption Entschlüsselung fehlgeschlagen, verwende Klartext: 
WARNING 2025-11-26 15:04:41,867 encryption Entschlüsselung fehlgeschlagen, verwende Klartext: 
